Compiling the CXX compiler identification source file "CMakeCXXCompilerId.cpp" failed.
Compiler: /usr/bin/c++.exe 
Build flags: 
Id flags:  

The output was:
1
c++: fatal error: -fuse-linker-plugin, but cyglto_plugin.dll not found
compilation terminated.


Determining if the CXX compiler works failed with the following output:
Change Dir: /cygdrive/c/Users/rotem levy/CLionProjects/phonetic_search/cmake-build-debug/CMakeFiles/CMakeTmp

Run Build Command(s):/usr/bin/make.exe cmTC_c1a97/fast && /usr/bin/make -f CMakeFiles/cmTC_c1a97.dir/build.make CMakeFiles/cmTC_c1a97.dir/build
make[1]: Entering directory '/cygdrive/c/Users/rotem levy/CLionProjects/phonetic_search/cmake-build-debug/CMakeFiles/CMakeTmp'
Building CXX object CMakeFiles/cmTC_c1a97.dir/testCXXCompiler.cxx.o
/usr/bin/c++.exe     -o CMakeFiles/cmTC_c1a97.dir/testCXXCompiler.cxx.o -c "/cygdrive/c/Users/rotem levy/CLionProjects/phonetic_search/cmake-build-debug/CMakeFiles/CMakeTmp/testCXXCompiler.cxx"
Linking CXX executable cmTC_c1a97.exe
"/cygdrive/c/Users/rotem levy/.CLion2019.3/system/cygwin_cmake/bin/cmake.exe" -E cmake_link_script CMakeFiles/cmTC_c1a97.dir/link.txt --verbose=1
/usr/bin/c++.exe    -Wl,--enable-auto-import  CMakeFiles/cmTC_c1a97.dir/testCXXCompiler.cxx.o  -o cmTC_c1a97.exe -Wl,--out-implib,libcmTC_c1a97.dll.a -Wl,--major-image-version,0,--minor-image-version,0 
c++: fatal error: -fuse-linker-plugin, but cyglto_plugin.dll not found
compilation terminated.
make[1]: *** [CMakeFiles/cmTC_c1a97.dir/build.make:87: cmTC_c1a97.exe] Error 1
make[1]: Leaving directory '/cygdrive/c/Users/rotem levy/CLionProjects/phonetic_search/cmake-build-debug/CMakeFiles/CMakeTmp'
make: *** [Makefile:121: cmTC_c1a97/fast] Error 2



Compiling the CXX compiler identification source file "CMakeCXXCompilerId.cpp" failed.
Compiler: /usr/bin/c++.exe 
Build flags: 
Id flags:  

The output was:
1
c++: fatal error: -fuse-linker-plugin, but cyglto_plugin.dll not found
compilation terminated.


Determining if the CXX compiler works failed with the following output:
Change Dir: /cygdrive/c/Users/rotem levy/CLionProjects/phonetic_search/cmake-build-debug/CMakeFiles/CMakeTmp

Run Build Command(s):/usr/bin/make.exe cmTC_0ca7a/fast && /usr/bin/make -f CMakeFiles/cmTC_0ca7a.dir/build.make CMakeFiles/cmTC_0ca7a.dir/build
make[1]: Entering directory '/cygdrive/c/Users/rotem levy/CLionProjects/phonetic_search/cmake-build-debug/CMakeFiles/CMakeTmp'
Building CXX object CMakeFiles/cmTC_0ca7a.dir/testCXXCompiler.cxx.o
/usr/bin/c++.exe     -o CMakeFiles/cmTC_0ca7a.dir/testCXXCompiler.cxx.o -c "/cygdrive/c/Users/rotem levy/CLionProjects/phonetic_search/cmake-build-debug/CMakeFiles/CMakeTmp/testCXXCompiler.cxx"
Linking CXX executable cmTC_0ca7a.exe
"/cygdrive/c/Users/rotem levy/.CLion2019.3/system/cygwin_cmake/bin/cmake.exe" -E cmake_link_script CMakeFiles/cmTC_0ca7a.dir/link.txt --verbose=1
/usr/bin/c++.exe    -Wl,--enable-auto-import  CMakeFiles/cmTC_0ca7a.dir/testCXXCompiler.cxx.o  -o cmTC_0ca7a.exe -Wl,--out-implib,libcmTC_0ca7a.dll.a -Wl,--major-image-version,0,--minor-image-version,0 
c++: fatal error: -fuse-linker-plugin, but cyglto_plugin.dll not found
compilation terminated.
make[1]: *** [CMakeFiles/cmTC_0ca7a.dir/build.make:87: cmTC_0ca7a.exe] Error 1
make[1]: Leaving directory '/cygdrive/c/Users/rotem levy/CLionProjects/phonetic_search/cmake-build-debug/CMakeFiles/CMakeTmp'
make: *** [Makefile:121: cmTC_0ca7a/fast] Error 2



Compiling the CXX compiler identification source file "CMakeCXXCompilerId.cpp" failed.
Compiler: /usr/bin/c++.exe 
Build flags: 
Id flags:  

The output was:
1
c++: fatal error: -fuse-linker-plugin, but cyglto_plugin.dll not found
compilation terminated.


Determining if the CXX compiler works failed with the following output:
Change Dir: /cygdrive/c/Users/rotem levy/CLionProjects/phonetic_search/cmake-build-debug/CMakeFiles/CMakeTmp

Run Build Command(s):/usr/bin/make.exe cmTC_7057b/fast && /usr/bin/make -f CMakeFiles/cmTC_7057b.dir/build.make CMakeFiles/cmTC_7057b.dir/build
make[1]: Entering directory '/cygdrive/c/Users/rotem levy/CLionProjects/phonetic_search/cmake-build-debug/CMakeFiles/CMakeTmp'
Building CXX object CMakeFiles/cmTC_7057b.dir/testCXXCompiler.cxx.o
/usr/bin/c++.exe     -o CMakeFiles/cmTC_7057b.dir/testCXXCompiler.cxx.o -c "/cygdrive/c/Users/rotem levy/CLionProjects/phonetic_search/cmake-build-debug/CMakeFiles/CMakeTmp/testCXXCompiler.cxx"
Linking CXX executable cmTC_7057b.exe
"/cygdrive/c/Users/rotem levy/.CLion2019.3/system/cygwin_cmake/bin/cmake.exe" -E cmake_link_script CMakeFiles/cmTC_7057b.dir/link.txt --verbose=1
/usr/bin/c++.exe    -Wl,--enable-auto-import  CMakeFiles/cmTC_7057b.dir/testCXXCompiler.cxx.o  -o cmTC_7057b.exe -Wl,--out-implib,libcmTC_7057b.dll.a -Wl,--major-image-version,0,--minor-image-version,0 
c++: fatal error: -fuse-linker-plugin, but cyglto_plugin.dll not found
compilation terminated.
make[1]: *** [CMakeFiles/cmTC_7057b.dir/build.make:87: cmTC_7057b.exe] Error 1
make[1]: Leaving directory '/cygdrive/c/Users/rotem levy/CLionProjects/phonetic_search/cmake-build-debug/CMakeFiles/CMakeTmp'
make: *** [Makefile:121: cmTC_7057b/fast] Error 2



